# JRE version: OpenJDK Runtime Environment (8.0_212) (build 1.8.0_212-release-1586-b4-5784211)
# Java VM: OpenJDK 64-Bit Server VM (25.212-b4-5784211 mixed mode bsd-amd64 compressed oops)
Heap:
 PSYoungGen      total 417792K, used 138155K [0x00000007a0000000, 0x00000007c0000000, 0x00000007c0000000)
  eden space 389120K, 28% used [0x00000007a0000000,0x00000007a6aed418,0x00000007b7c00000)
  from space 28672K, 99% used [0x00000007be200000,0x00000007bfdfd9b0,0x00000007bfe00000)
  to   space 67584K, 0% used [0x00000007b7c00000,0x00000007b7c00000,0x00000007bbe00000)
 ParOldGen       total 824832K, used 740884K [0x0000000760000000, 0x0000000792580000, 0x00000007a0000000)
  object space 824832K, 89% used [0x0000000760000000,0x000000078d385080,0x0000000792580000)
 Metaspace       used 165856K, capacity 173244K, committed 174080K, reserved 1202176K
  class space    used 20359K, capacity 21774K, committed 22016K, reserved 1048576K
GC Heap History (10 events):
Event: 186.476 GC heap before
{Heap before GC invocations=99 (full 5):
 PSYoungGen      total 487936K, used 467197K [0x00000007a0000000, 0x00000007bfe80000, 0x00000007c0000000)
  eden space 456704K, 100% used [0x00000007a0000000,0x00000007bbe00000,0x00000007bbe00000)
  from space 31232K, 33% used [0x00000007bbe00000,0x00000007bc83f490,0x00000007bdc80000)
  to   space 30720K, 0% used [0x00000007be080000,0x00000007be080000,0x00000007bfe80000)
 ParOldGen       total 824832K, used 624569K [0x0000000760000000, 0x0000000792580000, 0x00000007a0000000)
  object space 824832K, 75% used [0x0000000760000000,0x00000007861ee418,0x0000000792580000)
 Metaspace       used 164396K, capacity 171390K, committed 172672K, reserved 1200128K
  class space    used 20179K, capacity 21541K, committed 21888K, reserved 1048576K
Event: 186.493 GC heap after
Heap after GC invocations=99 (full 5):
 PSYoungGen      total 492544K, used 18104K [0x00000007a0000000, 0x00000007bfe80000, 0x00000007c0000000)
  eden space 461824K, 0% used [0x00000007a0000000,0x00000007a0000000,0x00000007bc300000)
  from space 30720K, 58% used [0x00000007be080000,0x00000007bf22e3e0,0x00000007bfe80000)
  to   space 30208K, 0% used [0x00000007bc300000,0x00000007bc300000,0x00000007be080000)
 ParOldGen       total 824832K, used 631675K [0x0000000760000000, 0x0000000792580000, 0x00000007a0000000)
  object space 824832K, 76% used [0x0000000760000000,0x00000007868defd8,0x0000000792580000)
 Metaspace       used 164396K, capacity 171390K, committed 172672K, reserved 1200128K
  class space    used 20179K, capacity 21541K, committed 21888K, reserved 1048576K
}
Event: 186.802 GC heap before
{Heap before GC invocations=100 (full 5):
 PSYoungGen      total 492544K, used 479928K [0x00000007a0000000, 0x00000007bfe80000, 0x00000007c0000000)
  eden space 461824K, 100% used [0x00000007a0000000,0x00000007bc300000,0x00000007bc300000)
  from space 30720K, 58% used [0x00000007be080000,0x00000007bf22e3e0,0x00000007bfe80000)
  to   space 30208K, 0% used [0x00000007bc300000,0x00000007bc300000,0x00000007be080000)
 ParOldGen       total 824832K, used 631675K [0x0000000760000000, 0x0000000792580000, 0x00000007a0000000)
  object space 824832K, 76% used [0x0000000760000000,0x00000007868defd8,0x0000000792580000)
 Metaspace       used 164573K, capacity 171586K, committed 172928K, reserved 1200128K
  class space    used 20194K, capacity 21579K, committed 21888K, reserved 1048576K
Event: 186.821 GC heap after
Heap after GC invocations=100 (full 5):
 PSYoungGen      total 492032K, used 11251K [0x00000007a0000000, 0x00000007bfe80000, 0x00000007c0000000)
  eden space 461824K, 0% used [0x00000007a0000000,0x00000007a0000000,0x00000007bc300000)
  from space 30208K, 37% used [0x00000007bc300000,0x00000007bcdfcc20,0x00000007be080000)
  to   space 29696K, 0% used [0x00000007be180000,0x00000007be180000,0x00000007bfe80000)
 ParOldGen       total 824832K, used 639731K [0x0000000760000000, 0x0000000792580000, 0x00000007a0000000)
  object space 824832K, 77% used [0x0000000760000000,0x00000007870bcce8,0x0000000792580000)
 Metaspace       used 164573K, capacity 171586K, committed 172928K, reserved 1200128K
  class space    used 20194K, capacity 21579K, committed 21888K, reserved 1048576K
}
Event: 187.157 GC heap before
{Heap before GC invocations=101 (full 5):
 PSYoungGen      total 492032K, used 473075K [0x00000007a0000000, 0x00000007bfe80000, 0x00000007c0000000)
  eden space 461824K, 100% used [0x00000007a0000000,0x00000007bc300000,0x00000007bc300000)
  from space 30208K, 37% used [0x00000007bc300000,0x00000007bcdfcc20,0x00000007be080000)
  to   space 29696K, 0% used [0x00000007be180000,0x00000007be180000,0x00000007bfe80000)
 ParOldGen       total 824832K, used 639731K [0x0000000760000000, 0x0000000792580000, 0x00000007a0000000)
  object space 824832K, 77% used [0x0000000760000000,0x00000007870bcce8,0x0000000792580000)
 Metaspace       used 164606K, capacity 171650K, committed 172928K, reserved 1200128K
  class space    used 20194K, capacity 21579K, committed 21888K, reserved 1048576K
Event: 187.177 GC heap after
Heap after GC invocations=101 (full 5):
 PSYoungGen      total 493056K, used 4579K [0x00000007a0000000, 0x00000007bff80000, 0x00000007c0000000)
  eden space 463360K, 0% used [0x00000007a0000000,0x00000007a0000000,0x00000007bc480000)
  from space 29696K, 15% used [0x00000007be180000,0x00000007be5f8d00,0x00000007bfe80000)
  to   space 29696K, 0% used [0x00000007bc480000,0x00000007bc480000,0x00000007be180000)
 ParOldGen       total 824832K, used 645711K [0x0000000760000000, 0x0000000792580000, 0x00000007a0000000)
  object space 824832K, 78% used [0x0000000760000000,0x0000000787693ef0,0x0000000792580000)
 Metaspace       used 164606K, capacity 171650K, committed 172928K, reserved 1200128K
  class space    used 20194K, capacity 21579K, committed 21888K, reserved 1048576K
}
Event: 187.877 GC heap before
{Heap before GC invocations=102 (full 5):
 PSYoungGen      total 493056K, used 467939K [0x00000007a0000000, 0x00000007bff80000, 0x00000007c0000000)
  eden space 463360K, 100% used [0x00000007a0000000,0x00000007bc480000,0x00000007bc480000)
  from space 29696K, 15% used [0x00000007be180000,0x00000007be5f8d00,0x00000007bfe80000)
  to   space 29696K, 0% used [0x00000007bc480000,0x00000007bc480000,0x00000007be180000)
 ParOldGen       total 824832K, used 645711K [0x0000000760000000, 0x0000000792580000, 0x00000007a0000000)
  object space 824832K, 78% used [0x0000000760000000,0x0000000787693ef0,0x0000000792580000)
 Metaspace       used 165096K, capacity 172246K, committed 173568K, reserved 1200128K
  class space    used 20259K, capacity 21645K, committed 22016K, reserved 1048576K
Event: 187.897 GC heap after
Heap after GC invocations=102 (full 5):
 PSYoungGen      total 493056K, used 10289K [0x00000007a0000000, 0x00000007bfe00000, 0x00000007c0000000)
  eden space 463360K, 0% used [0x00000007a0000000,0x00000007a0000000,0x00000007bc480000)
  from space 29696K, 34% used [0x00000007bc480000,0x00000007bce8c610,0x00000007be180000)
  to   space 28672K, 0% used [0x00000007be200000,0x00000007be200000,0x00000007bfe00000)
 ParOldGen       total 824832K, used 647937K [0x0000000760000000, 0x0000000792580000, 0x00000007a0000000)
  object space 824832K, 78% used [0x0000000760000000,0x00000007878c0698,0x0000000792580000)
 Metaspace       used 165096K, capacity 172246K, committed 173568K, reserved 1200128K
  class space    used 20259K, capacity 21645K, committed 22016K, reserved 1048576K
}
Event: 188.906 GC heap before
{Heap before GC invocations=103 (full 5):
 PSYoungGen      total 493056K, used 473649K [0x00000007a0000000, 0x00000007bfe00000, 0x00000007c0000000)
  eden space 463360K, 100% used [0x00000007a0000000,0x00000007bc480000,0x00000007bc480000)
  from space 29696K, 34% used [0x00000007bc480000,0x00000007bce8c610,0x00000007be180000)
  to   space 28672K, 0% used [0x00000007be200000,0x00000007be200000,0x00000007bfe00000)
 ParOldGen       total 824832K, used 647937K [0x0000000760000000, 0x0000000792580000, 0x00000007a0000000)
  object space 824832K, 78% used [0x0000000760000000,0x00000007878c0698,0x0000000792580000)
 Metaspace       used 165844K, capacity 173244K, committed 174080K, reserved 1202176K
  class space    used 20359K, capacity 21774K, committed 22016K, reserved 1048576K
Event: 189.009 GC heap after
Heap after GC invocations=103 (full 5):
 PSYoungGen      total 417792K, used 28662K [0x00000007a0000000, 0x00000007c0000000, 0x00000007c0000000)
  eden space 389120K, 0% used [0x00000007a0000000,0x00000007a0000000,0x00000007b7c00000)
  from space 28672K, 99% used [0x00000007be200000,0x00000007bfdfd9b0,0x00000007bfe00000)
  to   space 67584K, 0% used [0x00000007b7c00000,0x00000007b7c00000,0x00000007bbe00000)
 ParOldGen       total 824832K, used 740884K [0x0000000760000000, 0x0000000792580000, 0x00000007a0000000)
  object space 824832K, 89% used [0x0000000760000000,0x000000078d385080,0x0000000792580000)
 Metaspace       used 165844K, capacity 173244K, committed 174080K, reserved 1202176K
  class space    used 20359K, capacity 21774K, committed 22016K, reserved 1048576K
}

